<?xml version="1.0" encoding="UTF-8"?>
<testsuite xmlns:xsi="http://www.w3.org/2001/XMLSchema-instance" xsi:noNamespaceSchemaLocation="https://maven.apache.org/surefire/maven-surefire-plugin/xsd/surefire-test-report.xsd" name="com.example.demo.DemoApplicationTests" time="42.719" tests="1" errors="0" skipped="0" failures="0">
  <properties>
    <property name="java.specification.version" value="17"/>
    <property name="sun.cpu.isalist" value="amd64"/>
    <property name="sun.jnu.encoding" value="GBK"/>
    <property name="java.class.path" value="D:\Project\RM2EIS_New\ParkMS\park\target\test-classes;D:\Project\RM2EIS_New\ParkMS\park\target\classes;D:\apache-maven-3.8.3\repo\org\springframework\boot\spring-boot-starter-data-mongodb\2.7.0\spring-boot-starter-data-mongodb-2.7.0.jar;D:\apache-maven-3.8.3\repo\org\springframework\boot\spring-boot-starter\2.7.0\spring-boot-starter-2.7.0.jar;D:\apache-maven-3.8.3\repo\org\springframework\boot\spring-boot\2.7.0\spring-boot-2.7.0.jar;D:\apache-maven-3.8.3\repo\org\springframework\boot\spring-boot-autoconfigure\2.7.0\spring-boot-autoconfigure-2.7.0.jar;D:\apache-maven-3.8.3\repo\org\springframework\boot\spring-boot-starter-logging\2.7.0\spring-boot-starter-logging-2.7.0.jar;D:\apache-maven-3.8.3\repo\ch\qos\logback\logback-classic\1.2.11\logback-classic-1.2.11.jar;D:\apache-maven-3.8.3\repo\ch\qos\logback\logback-core\1.2.11\logback-core-1.2.11.jar;D:\apache-maven-3.8.3\repo\org\apache\logging\log4j\log4j-to-slf4j\2.17.2\log4j-to-slf4j-2.17.2.jar;D:\apache-maven-3.8.3\repo\org\apache\logging\log4j\log4j-api\2.17.2\log4j-api-2.17.2.jar;D:\apache-maven-3.8.3\repo\org\slf4j\jul-to-slf4j\1.7.36\jul-to-slf4j-1.7.36.jar;D:\apache-maven-3.8.3\repo\jakarta\annotation\jakarta.annotation-api\1.3.5\jakarta.annotation-api-1.3.5.jar;D:\apache-maven-3.8.3\repo\org\yaml\snakeyaml\1.30\snakeyaml-1.30.jar;D:\apache-maven-3.8.3\repo\org\mongodb\mongodb-driver-sync\4.6.0\mongodb-driver-sync-4.6.0.jar;D:\apache-maven-3.8.3\repo\org\mongodb\bson\4.6.0\bson-4.6.0.jar;D:\apache-maven-3.8.3\repo\org\mongodb\mongodb-driver-core\4.6.0\mongodb-driver-core-4.6.0.jar;D:\apache-maven-3.8.3\repo\org\mongodb\bson-record-codec\4.6.0\bson-record-codec-4.6.0.jar;D:\apache-maven-3.8.3\repo\org\springframework\data\spring-data-mongodb\3.4.0\spring-data-mongodb-3.4.0.jar;D:\apache-maven-3.8.3\repo\org\springframework\spring-tx\5.3.20\spring-tx-5.3.20.jar;D:\apache-maven-3.8.3\repo\org\springframework\spring-context\5.3.20\spring-context-5.3.20.jar;D:\apache-maven-3.8.3\repo\org\springframework\spring-beans\5.3.20\spring-beans-5.3.20.jar;D:\apache-maven-3.8.3\repo\org\springframework\spring-expression\5.3.20\spring-expression-5.3.20.jar;D:\apache-maven-3.8.3\repo\org\springframework\data\spring-data-commons\2.7.0\spring-data-commons-2.7.0.jar;D:\apache-maven-3.8.3\repo\org\slf4j\slf4j-api\1.7.36\slf4j-api-1.7.36.jar;D:\apache-maven-3.8.3\repo\org\springframework\boot\spring-boot-starter-web\2.7.0\spring-boot-starter-web-2.7.0.jar;D:\apache-maven-3.8.3\repo\org\springframework\boot\spring-boot-starter-json\2.7.0\spring-boot-starter-json-2.7.0.jar;D:\apache-maven-3.8.3\repo\com\fasterxml\jackson\core\jackson-databind\2.13.3\jackson-databind-2.13.3.jar;D:\apache-maven-3.8.3\repo\com\fasterxml\jackson\core\jackson-annotations\2.13.3\jackson-annotations-2.13.3.jar;D:\apache-maven-3.8.3\repo\com\fasterxml\jackson\core\jackson-core\2.13.3\jackson-core-2.13.3.jar;D:\apache-maven-3.8.3\repo\com\fasterxml\jackson\datatype\jackson-datatype-jdk8\2.13.3\jackson-datatype-jdk8-2.13.3.jar;D:\apache-maven-3.8.3\repo\com\fasterxml\jackson\datatype\jackson-datatype-jsr310\2.13.3\jackson-datatype-jsr310-2.13.3.jar;D:\apache-maven-3.8.3\repo\com\fasterxml\jackson\module\jackson-module-parameter-names\2.13.3\jackson-module-parameter-names-2.13.3.jar;D:\apache-maven-3.8.3\repo\org\springframework\boot\spring-boot-starter-tomcat\2.7.0\spring-boot-starter-tomcat-2.7.0.jar;D:\apache-maven-3.8.3\repo\org\apache\tomcat\embed\tomcat-embed-core\9.0.63\tomcat-embed-core-9.0.63.jar;D:\apache-maven-3.8.3\repo\org\apache\tomcat\embed\tomcat-embed-el\9.0.63\tomcat-embed-el-9.0.63.jar;D:\apache-maven-3.8.3\repo\org\apache\tomcat\embed\tomcat-embed-websocket\9.0.63\tomcat-embed-websocket-9.0.63.jar;D:\apache-maven-3.8.3\repo\org\springframework\spring-web\5.3.20\spring-web-5.3.20.jar;D:\apache-maven-3.8.3\repo\org\springframework\spring-webmvc\5.3.20\spring-webmvc-5.3.20.jar;D:\apache-maven-3.8.3\repo\org\springframework\spring-aop\5.3.20\spring-aop-5.3.20.jar;D:\apache-maven-3.8.3\repo\org\projectlombok\lombok\1.18.24\lombok-1.18.24.jar;D:\apache-maven-3.8.3\repo\org\springframework\boot\spring-boot-starter-test\2.7.0\spring-boot-starter-test-2.7.0.jar;D:\apache-maven-3.8.3\repo\org\springframework\boot\spring-boot-test\2.7.0\spring-boot-test-2.7.0.jar;D:\apache-maven-3.8.3\repo\org\springframework\boot\spring-boot-test-autoconfigure\2.7.0\spring-boot-test-autoconfigure-2.7.0.jar;D:\apache-maven-3.8.3\repo\com\jayway\jsonpath\json-path\2.7.0\json-path-2.7.0.jar;D:\apache-maven-3.8.3\repo\net\minidev\json-smart\2.4.8\json-smart-2.4.8.jar;D:\apache-maven-3.8.3\repo\net\minidev\accessors-smart\2.4.8\accessors-smart-2.4.8.jar;D:\apache-maven-3.8.3\repo\org\ow2\asm\asm\9.1\asm-9.1.jar;D:\apache-maven-3.8.3\repo\jakarta\xml\bind\jakarta.xml.bind-api\2.3.3\jakarta.xml.bind-api-2.3.3.jar;D:\apache-maven-3.8.3\repo\jakarta\activation\jakarta.activation-api\1.2.2\jakarta.activation-api-1.2.2.jar;D:\apache-maven-3.8.3\repo\org\assertj\assertj-core\3.22.0\assertj-core-3.22.0.jar;D:\apache-maven-3.8.3\repo\org\hamcrest\hamcrest\2.2\hamcrest-2.2.jar;D:\apache-maven-3.8.3\repo\org\junit\jupiter\junit-jupiter\5.8.2\junit-jupiter-5.8.2.jar;D:\apache-maven-3.8.3\repo\org\junit\jupiter\junit-jupiter-api\5.8.2\junit-jupiter-api-5.8.2.jar;D:\apache-maven-3.8.3\repo\org\opentest4j\opentest4j\1.2.0\opentest4j-1.2.0.jar;D:\apache-maven-3.8.3\repo\org\junit\platform\junit-platform-commons\1.8.2\junit-platform-commons-1.8.2.jar;D:\apache-maven-3.8.3\repo\org\apiguardian\apiguardian-api\1.1.2\apiguardian-api-1.1.2.jar;D:\apache-maven-3.8.3\repo\org\junit\jupiter\junit-jupiter-params\5.8.2\junit-jupiter-params-5.8.2.jar;D:\apache-maven-3.8.3\repo\org\junit\jupiter\junit-jupiter-engine\5.8.2\junit-jupiter-engine-5.8.2.jar;D:\apache-maven-3.8.3\repo\org\junit\platform\junit-platform-engine\1.8.2\junit-platform-engine-1.8.2.jar;D:\apache-maven-3.8.3\repo\org\mockito\mockito-core\4.5.1\mockito-core-4.5.1.jar;D:\apache-maven-3.8.3\repo\net\bytebuddy\byte-buddy\1.12.10\byte-buddy-1.12.10.jar;D:\apache-maven-3.8.3\repo\net\bytebuddy\byte-buddy-agent\1.12.10\byte-buddy-agent-1.12.10.jar;D:\apache-maven-3.8.3\repo\org\objenesis\objenesis\3.2\objenesis-3.2.jar;D:\apache-maven-3.8.3\repo\org\mockito\mockito-junit-jupiter\4.5.1\mockito-junit-jupiter-4.5.1.jar;D:\apache-maven-3.8.3\repo\org\skyscreamer\jsonassert\1.5.0\jsonassert-1.5.0.jar;D:\apache-maven-3.8.3\repo\com\vaadin\external\google\android-json\0.0.20131108.vaadin1\android-json-0.0.20131108.vaadin1.jar;D:\apache-maven-3.8.3\repo\org\springframework\spring-core\5.3.20\spring-core-5.3.20.jar;D:\apache-maven-3.8.3\repo\org\springframework\spring-jcl\5.3.20\spring-jcl-5.3.20.jar;D:\apache-maven-3.8.3\repo\org\springframework\spring-test\5.3.20\spring-test-5.3.20.jar;D:\apache-maven-3.8.3\repo\org\xmlunit\xmlunit-core\2.9.0\xmlunit-core-2.9.0.jar;D:\apache-maven-3.8.3\repo\de\flapdoodle\embed\de.flapdoodle.embed.mongo\3.4.6\de.flapdoodle.embed.mongo-3.4.6.jar;D:\apache-maven-3.8.3\repo\de\flapdoodle\embed\de.flapdoodle.embed.process\3.1.11\de.flapdoodle.embed.process-3.1.11.jar;D:\apache-maven-3.8.3\repo\org\apache\commons\commons-lang3\3.12.0\commons-lang3-3.12.0.jar;D:\apache-maven-3.8.3\repo\org\apache\commons\commons-compress\1.21\commons-compress-1.21.jar;D:\apache-maven-3.8.3\repo\net\java\dev\jna\jna\5.11.0\jna-5.11.0.jar;D:\apache-maven-3.8.3\repo\net\java\dev\jna\jna-platform\5.11.0\jna-platform-5.11.0.jar;D:\apache-maven-3.8.3\repo\de\flapdoodle\embed\de.flapdoodle.embed.mongo.packageresolver\1.0.4\de.flapdoodle.embed.mongo.packageresolver-1.0.4.jar;D:\apache-maven-3.8.3\repo\de\flapdoodle\de.flapdoodle.os\1.1.10\de.flapdoodle.os-1.1.10.jar;D:\apache-maven-3.8.3\repo\junit\junit\4.13.2\junit-4.13.2.jar;D:\apache-maven-3.8.3\repo\org\hamcrest\hamcrest-core\2.2\hamcrest-core-2.2.jar;"/>
    <property name="java.vm.vendor" value="Amazon.com Inc."/>
    <property name="sun.arch.data.model" value="64"/>
    <property name="user.variant" value=""/>
    <property name="java.vendor.url" value="https://aws.amazon.com/corretto/"/>
    <property name="user.timezone" value="Asia/Shanghai"/>
    <property name="os.name" value="Windows 10"/>
    <property name="java.vm.specification.version" value="17"/>
    <property name="sun.java.launcher" value="SUN_STANDARD"/>
    <property name="user.country" value="CN"/>
    <property name="sun.boot.library.path" value="C:\Users\Jian\.jdks\corretto-17.0.3\bin"/>
    <property name="sun.java.command" value="C:\Users\Jian\AppData\Local\Temp\surefire10432705632402268053\surefirebooter7811263404471674992.jar C:\Users\Jian\AppData\Local\Temp\surefire10432705632402268053 2022-06-20T11-23-45_533-jvmRun1 surefire13929082038373262677tmp surefire_02278704139160113007tmp"/>
    <property name="jdk.debug" value="release"/>
    <property name="surefire.test.class.path" value="D:\Project\RM2EIS_New\ParkMS\park\target\test-classes;D:\Project\RM2EIS_New\ParkMS\park\target\classes;D:\apache-maven-3.8.3\repo\org\springframework\boot\spring-boot-starter-data-mongodb\2.7.0\spring-boot-starter-data-mongodb-2.7.0.jar;D:\apache-maven-3.8.3\repo\org\springframework\boot\spring-boot-starter\2.7.0\spring-boot-starter-2.7.0.jar;D:\apache-maven-3.8.3\repo\org\springframework\boot\spring-boot\2.7.0\spring-boot-2.7.0.jar;D:\apache-maven-3.8.3\repo\org\springframework\boot\spring-boot-autoconfigure\2.7.0\spring-boot-autoconfigure-2.7.0.jar;D:\apache-maven-3.8.3\repo\org\springframework\boot\spring-boot-starter-logging\2.7.0\spring-boot-starter-logging-2.7.0.jar;D:\apache-maven-3.8.3\repo\ch\qos\logback\logback-classic\1.2.11\logback-classic-1.2.11.jar;D:\apache-maven-3.8.3\repo\ch\qos\logback\logback-core\1.2.11\logback-core-1.2.11.jar;D:\apache-maven-3.8.3\repo\org\apache\logging\log4j\log4j-to-slf4j\2.17.2\log4j-to-slf4j-2.17.2.jar;D:\apache-maven-3.8.3\repo\org\apache\logging\log4j\log4j-api\2.17.2\log4j-api-2.17.2.jar;D:\apache-maven-3.8.3\repo\org\slf4j\jul-to-slf4j\1.7.36\jul-to-slf4j-1.7.36.jar;D:\apache-maven-3.8.3\repo\jakarta\annotation\jakarta.annotation-api\1.3.5\jakarta.annotation-api-1.3.5.jar;D:\apache-maven-3.8.3\repo\org\yaml\snakeyaml\1.30\snakeyaml-1.30.jar;D:\apache-maven-3.8.3\repo\org\mongodb\mongodb-driver-sync\4.6.0\mongodb-driver-sync-4.6.0.jar;D:\apache-maven-3.8.3\repo\org\mongodb\bson\4.6.0\bson-4.6.0.jar;D:\apache-maven-3.8.3\repo\org\mongodb\mongodb-driver-core\4.6.0\mongodb-driver-core-4.6.0.jar;D:\apache-maven-3.8.3\repo\org\mongodb\bson-record-codec\4.6.0\bson-record-codec-4.6.0.jar;D:\apache-maven-3.8.3\repo\org\springframework\data\spring-data-mongodb\3.4.0\spring-data-mongodb-3.4.0.jar;D:\apache-maven-3.8.3\repo\org\springframework\spring-tx\5.3.20\spring-tx-5.3.20.jar;D:\apache-maven-3.8.3\repo\org\springframework\spring-context\5.3.20\spring-context-5.3.20.jar;D:\apache-maven-3.8.3\repo\org\springframework\spring-beans\5.3.20\spring-beans-5.3.20.jar;D:\apache-maven-3.8.3\repo\org\springframework\spring-expression\5.3.20\spring-expression-5.3.20.jar;D:\apache-maven-3.8.3\repo\org\springframework\data\spring-data-commons\2.7.0\spring-data-commons-2.7.0.jar;D:\apache-maven-3.8.3\repo\org\slf4j\slf4j-api\1.7.36\slf4j-api-1.7.36.jar;D:\apache-maven-3.8.3\repo\org\springframework\boot\spring-boot-starter-web\2.7.0\spring-boot-starter-web-2.7.0.jar;D:\apache-maven-3.8.3\repo\org\springframework\boot\spring-boot-starter-json\2.7.0\spring-boot-starter-json-2.7.0.jar;D:\apache-maven-3.8.3\repo\com\fasterxml\jackson\core\jackson-databind\2.13.3\jackson-databind-2.13.3.jar;D:\apache-maven-3.8.3\repo\com\fasterxml\jackson\core\jackson-annotations\2.13.3\jackson-annotations-2.13.3.jar;D:\apache-maven-3.8.3\repo\com\fasterxml\jackson\core\jackson-core\2.13.3\jackson-core-2.13.3.jar;D:\apache-maven-3.8.3\repo\com\fasterxml\jackson\datatype\jackson-datatype-jdk8\2.13.3\jackson-datatype-jdk8-2.13.3.jar;D:\apache-maven-3.8.3\repo\com\fasterxml\jackson\datatype\jackson-datatype-jsr310\2.13.3\jackson-datatype-jsr310-2.13.3.jar;D:\apache-maven-3.8.3\repo\com\fasterxml\jackson\module\jackson-module-parameter-names\2.13.3\jackson-module-parameter-names-2.13.3.jar;D:\apache-maven-3.8.3\repo\org\springframework\boot\spring-boot-starter-tomcat\2.7.0\spring-boot-starter-tomcat-2.7.0.jar;D:\apache-maven-3.8.3\repo\org\apache\tomcat\embed\tomcat-embed-core\9.0.63\tomcat-embed-core-9.0.63.jar;D:\apache-maven-3.8.3\repo\org\apache\tomcat\embed\tomcat-embed-el\9.0.63\tomcat-embed-el-9.0.63.jar;D:\apache-maven-3.8.3\repo\org\apache\tomcat\embed\tomcat-embed-websocket\9.0.63\tomcat-embed-websocket-9.0.63.jar;D:\apache-maven-3.8.3\repo\org\springframework\spring-web\5.3.20\spring-web-5.3.20.jar;D:\apache-maven-3.8.3\repo\org\springframework\spring-webmvc\5.3.20\spring-webmvc-5.3.20.jar;D:\apache-maven-3.8.3\repo\org\springframework\spring-aop\5.3.20\spring-aop-5.3.20.jar;D:\apache-maven-3.8.3\repo\org\projectlombok\lombok\1.18.24\lombok-1.18.24.jar;D:\apache-maven-3.8.3\repo\org\springframework\boot\spring-boot-starter-test\2.7.0\spring-boot-starter-test-2.7.0.jar;D:\apache-maven-3.8.3\repo\org\springframework\boot\spring-boot-test\2.7.0\spring-boot-test-2.7.0.jar;D:\apache-maven-3.8.3\repo\org\springframework\boot\spring-boot-test-autoconfigure\2.7.0\spring-boot-test-autoconfigure-2.7.0.jar;D:\apache-maven-3.8.3\repo\com\jayway\jsonpath\json-path\2.7.0\json-path-2.7.0.jar;D:\apache-maven-3.8.3\repo\net\minidev\json-smart\2.4.8\json-smart-2.4.8.jar;D:\apache-maven-3.8.3\repo\net\minidev\accessors-smart\2.4.8\accessors-smart-2.4.8.jar;D:\apache-maven-3.8.3\repo\org\ow2\asm\asm\9.1\asm-9.1.jar;D:\apache-maven-3.8.3\repo\jakarta\xml\bind\jakarta.xml.bind-api\2.3.3\jakarta.xml.bind-api-2.3.3.jar;D:\apache-maven-3.8.3\repo\jakarta\activation\jakarta.activation-api\1.2.2\jakarta.activation-api-1.2.2.jar;D:\apache-maven-3.8.3\repo\org\assertj\assertj-core\3.22.0\assertj-core-3.22.0.jar;D:\apache-maven-3.8.3\repo\org\hamcrest\hamcrest\2.2\hamcrest-2.2.jar;D:\apache-maven-3.8.3\repo\org\junit\jupiter\junit-jupiter\5.8.2\junit-jupiter-5.8.2.jar;D:\apache-maven-3.8.3\repo\org\junit\jupiter\junit-jupiter-api\5.8.2\junit-jupiter-api-5.8.2.jar;D:\apache-maven-3.8.3\repo\org\opentest4j\opentest4j\1.2.0\opentest4j-1.2.0.jar;D:\apache-maven-3.8.3\repo\org\junit\platform\junit-platform-commons\1.8.2\junit-platform-commons-1.8.2.jar;D:\apache-maven-3.8.3\repo\org\apiguardian\apiguardian-api\1.1.2\apiguardian-api-1.1.2.jar;D:\apache-maven-3.8.3\repo\org\junit\jupiter\junit-jupiter-params\5.8.2\junit-jupiter-params-5.8.2.jar;D:\apache-maven-3.8.3\repo\org\junit\jupiter\junit-jupiter-engine\5.8.2\junit-jupiter-engine-5.8.2.jar;D:\apache-maven-3.8.3\repo\org\junit\platform\junit-platform-engine\1.8.2\junit-platform-engine-1.8.2.jar;D:\apache-maven-3.8.3\repo\org\mockito\mockito-core\4.5.1\mockito-core-4.5.1.jar;D:\apache-maven-3.8.3\repo\net\bytebuddy\byte-buddy\1.12.10\byte-buddy-1.12.10.jar;D:\apache-maven-3.8.3\repo\net\bytebuddy\byte-buddy-agent\1.12.10\byte-buddy-agent-1.12.10.jar;D:\apache-maven-3.8.3\repo\org\objenesis\objenesis\3.2\objenesis-3.2.jar;D:\apache-maven-3.8.3\repo\org\mockito\mockito-junit-jupiter\4.5.1\mockito-junit-jupiter-4.5.1.jar;D:\apache-maven-3.8.3\repo\org\skyscreamer\jsonassert\1.5.0\jsonassert-1.5.0.jar;D:\apache-maven-3.8.3\repo\com\vaadin\external\google\android-json\0.0.20131108.vaadin1\android-json-0.0.20131108.vaadin1.jar;D:\apache-maven-3.8.3\repo\org\springframework\spring-core\5.3.20\spring-core-5.3.20.jar;D:\apache-maven-3.8.3\repo\org\springframework\spring-jcl\5.3.20\spring-jcl-5.3.20.jar;D:\apache-maven-3.8.3\repo\org\springframework\spring-test\5.3.20\spring-test-5.3.20.jar;D:\apache-maven-3.8.3\repo\org\xmlunit\xmlunit-core\2.9.0\xmlunit-core-2.9.0.jar;D:\apache-maven-3.8.3\repo\de\flapdoodle\embed\de.flapdoodle.embed.mongo\3.4.6\de.flapdoodle.embed.mongo-3.4.6.jar;D:\apache-maven-3.8.3\repo\de\flapdoodle\embed\de.flapdoodle.embed.process\3.1.11\de.flapdoodle.embed.process-3.1.11.jar;D:\apache-maven-3.8.3\repo\org\apache\commons\commons-lang3\3.12.0\commons-lang3-3.12.0.jar;D:\apache-maven-3.8.3\repo\org\apache\commons\commons-compress\1.21\commons-compress-1.21.jar;D:\apache-maven-3.8.3\repo\net\java\dev\jna\jna\5.11.0\jna-5.11.0.jar;D:\apache-maven-3.8.3\repo\net\java\dev\jna\jna-platform\5.11.0\jna-platform-5.11.0.jar;D:\apache-maven-3.8.3\repo\de\flapdoodle\embed\de.flapdoodle.embed.mongo.packageresolver\1.0.4\de.flapdoodle.embed.mongo.packageresolver-1.0.4.jar;D:\apache-maven-3.8.3\repo\de\flapdoodle\de.flapdoodle.os\1.1.10\de.flapdoodle.os-1.1.10.jar;D:\apache-maven-3.8.3\repo\junit\junit\4.13.2\junit-4.13.2.jar;D:\apache-maven-3.8.3\repo\org\hamcrest\hamcrest-core\2.2\hamcrest-core-2.2.jar;"/>
    <property name="sun.cpu.endian" value="little"/>
    <property name="user.home" value="C:\Users\Jian"/>
    <property name="user.language" value="zh"/>
    <property name="java.specification.vendor" value="Oracle Corporation"/>
    <property name="java.version.date" value="2022-04-19"/>
    <property name="java.home" value="C:\Users\Jian\.jdks\corretto-17.0.3"/>
    <property name="file.separator" value="\"/>
    <property name="basedir" value="D:\Project\RM2EIS_New\ParkMS\park"/>
    <property name="java.vm.compressedOopsMode" value="Zero based"/>
    <property name="line.separator" value="&#10;"/>
    <property name="java.vm.specification.vendor" value="Oracle Corporation"/>
    <property name="java.specification.name" value="Java Platform API Specification"/>
    <property name="surefire.real.class.path" value="C:\Users\Jian\AppData\Local\Temp\surefire10432705632402268053\surefirebooter7811263404471674992.jar"/>
    <property name="user.script" value=""/>
    <property name="sun.management.compiler" value="HotSpot 64-Bit Tiered Compilers"/>
    <property name="java.runtime.version" value="17.0.3+6-LTS"/>
    <property name="user.name" value="Jian"/>
    <property name="path.separator" value=";"/>
    <property name="os.version" value="10.0"/>
    <property name="java.runtime.name" value="OpenJDK Runtime Environment"/>
    <property name="file.encoding" value="GBK"/>
    <property name="java.vm.name" value="OpenJDK 64-Bit Server VM"/>
    <property name="java.vendor.version" value="Corretto-17.0.3.6.1"/>
    <property name="localRepository" value="D:\apache-maven-3.8.3\repo"/>
    <property name="java.vendor.url.bug" value="https://github.com/corretto/corretto-17/issues/"/>
    <property name="java.io.tmpdir" value="C:\Users\Jian\AppData\Local\Temp\"/>
    <property name="java.version" value="17.0.3"/>
    <property name="user.dir" value="D:\Project\RM2EIS_New\ParkMS\park"/>
    <property name="os.arch" value="amd64"/>
    <property name="java.vm.specification.name" value="Java Virtual Machine Specification"/>
    <property name="sun.os.patch.level" value=""/>
    <property name="native.encoding" value="GBK"/>
    <property name="java.library.path" value="C:\Users\Jian\.jdks\corretto-17.0.3\bin;C:\Windows\Sun\Java\bin;C:\Windows\system32;C:\Windows;C:\Users\Jian\bin;D:\cmder\bin;D:\cmder\vendor\bin;D:\cmder\vendor\git-for-windows\bin;D:\cmder\vendor\git-for-windows\usr\local\bin;D:\cmder\vendor\git-for-windows\usr\bin;D:\cmder\vendor\git-for-windows\usr\bin;D:\cmder\vendor\git-for-windows\opt\bin;D:\cmder\vendor\conemu-maximus5\ConEmu\Scripts;D:\cmder\vendor\conemu-maximus5;D:\cmder\vendor\conemu-maximus5\ConEmu;C:\Windows\system32;C:\Windows;C:\Windows\System32\Wbem;C:\Windows\System32\WindowsPowerShell\v1.0;C:\Windows\System32\OpenSSH;D:\北航云盘;C:\Users\Jian\.jdks\corretto-17.0.3\bin;D:\Git\cmd;D:\apache-maven-3.8.3\bin;D:\anaconda;D:\Xshell;D:\Xftp;C:\Program Files (x86)\ZeroTier\One;D:\anaconda\condabin;D:\anaconda\Scripts;D:\anaconda\Library\bin;C:\Program Files\Docker\Docker\resources\bin;C:\ProgramData\DockerDesktop\version-bin;D:\apache-jmeter-5.4.3\lib\ext\ApacheJMeter_core.jar;D:\apache-jmeter-5.4.3\lib\jorphan.jar;D:\mysql-8.0.27-winx64\bin;D:\Node;D:\gradle-7.4.2\bin;D:\groovy-4.0.2\bin;C:\Users\Jian\AppData\Local\Microsoft\WindowsApps;D:\Microsoft VS Code\bin;D:\Bandizip;C:\Users\Jian\AppData\Roaming\npm;D:\cmder;D:\cmder\vendor\git-for-windows\usr\bin\vendor_perl;D:\cmder\vendor\git-for-windows\usr\bin\core_perl;."/>
    <property name="java.vm.info" value="mixed mode, sharing"/>
    <property name="java.vendor" value="Amazon.com Inc."/>
    <property name="java.vm.version" value="17.0.3+6-LTS"/>
    <property name="sun.io.unicode.encoding" value="UnicodeLittle"/>
    <property name="java.class.version" value="61.0"/>
  </properties>
  <testcase name="contextLoads" classname="com.example.demo.DemoApplicationTests" time="0.462"/>
</testsuite>